[debug] [2026-04-13T17:28:21.696Z] ----------------------------------------------------------------------
[debug] [2026-04-13T17:28:21.702Z] Command:       C:\Program Files\nodejs\node.exe C:\Users\milka\AppData\Roaming\npm\node_modules\firebase-tools\lib\bin\firebase.js init
[debug] [2026-04-13T17:28:21.703Z] CLI Version:   15.14.0
[debug] [2026-04-13T17:28:21.703Z] Platform:      win32
[debug] [2026-04-13T17:28:21.704Z] Node Version:  v24.11.1
[debug] [2026-04-13T17:28:21.704Z] Time:          Mon Apr 13 2026 10:28:21 GMT-0700 (hora de verano del Pacífico)
[debug] [2026-04-13T17:28:21.704Z] ----------------------------------------------------------------------
[debug] 
[info] 
     ######## #### ########  ######## ########     ###     ######  ########
     ##        ##  ##     ## ##       ##     ##  ##   ##  ##       ##
     ######    ##  ########  ######   ########  #########  ######  ######
     ##        ##  ##    ##  ##       ##     ## ##     ##       ## ##
     ##       #### ##     ## ######## ########  ##     ##  ######  ########

You're about to initialize a Firebase project in this directory:

  C:\Users\milka\Desktop\Despacho

[info] 
=== Project Setup
[info] 
[info] First, let's associate this project directory with a Firebase project.
[info] You can create multiple project aliases by running firebase use --add, 
[info] 
[debug] [2026-04-13T17:32:38.319Z] > command requires scopes: ["email","openid","https://www.googleapis.com/auth/cloudplatformprojects.readonly","https://www.googleapis.com/auth/firebase","https://www.googleapis.com/auth/cloud-platform"]
[debug] [2026-04-13T17:32:38.321Z] > authorizing via signed-in user (milkamontes301@gmail.com)
[debug] [2026-04-13T17:32:38.329Z] Checked if tokens are valid: true, expires at: 1776104731727
[debug] [2026-04-13T17:32:38.332Z] Checked if tokens are valid: true, expires at: 1776104731727
[debug] [2026-04-13T17:32:38.338Z] >>> [apiv2][query] GET https://firebase.googleapis.com/v1beta1/projects pageSize=100
[debug] [2026-04-13T17:32:39.486Z] <<< [apiv2][status] GET https://firebase.googleapis.com/v1beta1/projects 200
[debug] [2026-04-13T17:32:39.487Z] <<< [apiv2][body] GET https://firebase.googleapis.com/v1beta1/projects [omitted]
 